\BOOKMARK [0][-]{chapter*.1}{\376\377\000A\000c\000k\000n\000o\000w\000l\000e\000d\000g\000e\000m\000e\000n\000t\000s}{}% 1
\BOOKMARK [0][-]{chapter*.2}{\376\377\000B\000i\000b\000l\000i\000o\000g\000r\000a\000p\000h\000y}{}% 2
\BOOKMARK [0][-]{chapter*.2}{\376\377\000L\000i\000s\000t\000\040\000o\000f\000\040\000F\000i\000g\000u\000r\000e\000s}{}% 3
\BOOKMARK [0][-]{chapter*.2}{\376\377\000L\000i\000s\000t\000\040\000o\000f\000\040\000T\000a\000b\000l\000e\000s}{}% 4
\BOOKMARK [0][-]{chapter*.2}{\376\377\000L\000i\000s\000t\000\040\000o\000f\000\040\000A\000b\000b\000r\000e\000v\000i\000a\000t\000i\000o\000n\000s}{}% 5
\BOOKMARK [0][-]{chapter.1}{\376\377\000I\000n\000t\000r\000o\000d\000u\000c\000t\000i\000o\000n}{}% 6
\BOOKMARK [1][-]{section.1.1}{\376\377\000R\000e\000l\000e\000v\000a\000n\000c\000e\000\040\000o\000f\000\040\000t\000h\000e\000\040\000T\000o\000p\000i\000c}{chapter.1}% 7
\BOOKMARK [1][-]{section.1.2}{\376\377\000D\000e\000g\000r\000e\000e\000\040\000o\000f\000\040\000D\000e\000v\000e\000l\000o\000p\000m\000e\000n\000t\000\040\000i\000n\000\040\000t\000h\000e\000\040\000S\000u\000b\000j\000e\000c\000t\000\040\000A\000r\000e\000a}{chapter.1}% 8
\BOOKMARK [1][-]{section.1.3}{\376\377\000P\000u\000r\000p\000o\000s\000e\000\040\000a\000n\000d\000\040\000O\000b\000j\000e\000c\000t\000i\000v\000e\000s\000\040\000o\000f\000\040\000t\000h\000e\000\040\000R\000e\000s\000e\000a\000r\000c\000h}{chapter.1}% 9
\BOOKMARK [1][-]{section.1.4}{\376\377\000S\000c\000i\000e\000n\000t\000i\000f\000i\000c\000\040\000N\000o\000v\000e\000l\000t\000y}{chapter.1}% 10
\BOOKMARK [1][-]{section.1.5}{\376\377\000T\000h\000e\000o\000r\000e\000t\000i\000c\000a\000l\000\040\000a\000n\000d\000\040\000P\000r\000a\000c\000t\000i\000c\000a\000l\000\040\000S\000i\000g\000n\000i\000f\000i\000c\000a\000n\000c\000e}{chapter.1}% 11
\BOOKMARK [0][-]{chapter.2}{\376\377\000T\000r\000a\000d\000i\000t\000i\000o\000n\000a\000l\000\040\000A\000I\000\040\000A\000p\000p\000l\000i\000c\000a\000t\000i\000o\000n\000s\000\040\000i\000n\000\040\000E\000d\000u\000c\000a\000t\000i\000o\000n\000:\000\040\000N\000L\000P\000\040\000a\000n\000d\000\040\000T\000r\000a\000n\000s\000i\000t\000i\000o\000n\000a\000l\000\040\000W\000o\000r\000d\000s}{}% 12
\BOOKMARK [1][-]{section.2.1}{\376\377\000I\000n\000t\000r\000o\000d\000u\000c\000t\000i\000o\000n}{chapter.2}% 13
\BOOKMARK [1][-]{section.2.2}{\376\377\000L\000i\000t\000e\000r\000a\000t\000u\000r\000e\000\040\000r\000e\000v\000i\000e\000w}{chapter.2}% 14
\BOOKMARK [2][-]{subsection.2.2.1}{\376\377\000N\000L\000P\000\040\000a\000p\000p\000l\000i\000c\000a\000t\000i\000o\000n\000s\000\040\000i\000n\000\040\000s\000o\000f\000t\000w\000a\000r\000e\000\040\000e\000n\000g\000i\000n\000e\000e\000r\000i\000n\000g}{section.2.2}% 15
\BOOKMARK [2][-]{subsection.2.2.2}{\376\377\000N\000L\000P\000\040\000a\000p\000p\000l\000i\000c\000a\000t\000i\000o\000n\000s\000\040\000i\000n\000\040\000t\000e\000x\000t\000\040\000a\000n\000a\000l\000y\000s\000i\000s}{section.2.2}% 16
\BOOKMARK [2][-]{subsection.2.2.3}{\376\377\000T\000a\000k\000e\000a\000w\000a\000y\000s}{section.2.2}% 17
\BOOKMARK [1][-]{section.2.3}{\376\377\000I\000m\000p\000l\000e\000m\000e\000n\000t\000a\000t\000i\000o\000n}{chapter.2}% 18
\BOOKMARK [2][-]{subsection.2.3.1}{\376\377\000G\000e\000n\000e\000r\000a\000l\000\040\000p\000r\000o\000j\000e\000c\000t\000\040\000i\000n\000f\000o\000r\000m\000a\000t\000i\000o\000n}{section.2.3}% 19
\BOOKMARK [2][-]{subsection.2.3.2}{\376\377\000P\000r\000o\000c\000e\000s\000s\000\040\000t\000r\000a\000n\000s\000i\000t\000i\000o\000n\000\040\000w\000o\000r\000d\000s\000\040\000d\000a\000t\000a}{section.2.3}% 20
\BOOKMARK [2][-]{subsection.2.3.3}{\376\377\000G\000e\000n\000e\000r\000a\000t\000i\000n\000g\000\040\000t\000r\000a\000i\000n\000i\000n\000g\000\040\000d\000a\000t\000a}{section.2.3}% 21
\BOOKMARK [2][-]{subsection.2.3.4}{\376\377\000T\000r\000a\000i\000n\000i\000n\000g\000\040\000t\000h\000e\000\040\000m\000o\000d\000e\000l}{section.2.3}% 22
\BOOKMARK [2][-]{subsection.2.3.5}{\376\377\000R\000u\000n\000n\000i\000n\000g\000\040\000t\000h\000e\000\040\000m\000o\000d\000e\000l}{section.2.3}% 23
\BOOKMARK [2][-]{subsection.2.3.6}{\376\377\000A\000s\000s\000e\000s\000s\000i\000n\000g\000\040\000p\000r\000o\000d\000u\000c\000e\000d\000\040\000r\000e\000s\000u\000l\000t\000s\000\040\000a\000n\000d\000\040\000r\000e\000l\000e\000v\000a\000n\000t\000\040\000m\000e\000t\000r\000i\000c\000s}{section.2.3}% 24
\BOOKMARK [1][-]{section.2.4}{\376\377\000E\000v\000a\000l\000u\000a\000t\000i\000o\000n\000\040\000a\000n\000d\000\040\000D\000i\000s\000c\000u\000s\000s\000i\000o\000n}{chapter.2}% 25
\BOOKMARK [1][-]{section.2.5}{\376\377\000C\000o\000n\000c\000l\000u\000s\000i\000o\000n}{chapter.2}% 26
\BOOKMARK [0][-]{chapter.3}{\376\377\000S\000y\000s\000t\000e\000m\000a\000t\000i\000c\000\040\000L\000i\000t\000e\000r\000a\000t\000u\000r\000e\000\040\000R\000e\000v\000i\000e\000w\000:\000\040\000G\000e\000n\000e\000r\000a\000t\000i\000v\000e\000\040\000A\000I\000\040\000i\000n\000\040\000S\000p\000e\000c\000i\000a\000l\000i\000z\000e\000d\000\040\000E\000d\000u\000c\000a\000t\000i\000o\000n\000a\000l\000\040\000D\000o\000m\000a\000i\000n\000s}{}% 27
\BOOKMARK [1][-]{section.3.1}{\376\377\000I\000n\000t\000r\000o\000d\000u\000c\000t\000i\000o\000n}{chapter.3}% 28
\BOOKMARK [1][-]{section.3.2}{\376\377\000R\000E\000V\000I\000E\000W\000\040\000P\000R\000O\000T\000O\000C\000O\000L}{chapter.3}% 29
\BOOKMARK [2][-]{subsection.3.2.1}{\376\377\000P\000R\000I\000S\000M\000A\000\040\000C\000h\000e\000c\000k\000l\000i\000s\000t}{section.3.2}% 30
\BOOKMARK [2][-]{subsection.3.2.2}{\376\377\000R\000e\000s\000e\000a\000r\000c\000h\000\040\000Q\000u\000e\000s\000t\000i\000o\000n\000s}{section.3.2}% 31
\BOOKMARK [2][-]{subsection.3.2.3}{\376\377\000S\000e\000a\000r\000c\000h\000\040\000p\000r\000o\000c\000e\000s\000s}{section.3.2}% 32
\BOOKMARK [2][-]{subsection.3.2.4}{\376\377\000I\000n\000c\000l\000u\000s\000i\000o\000n\000\040\000a\000n\000d\000\040\000e\000x\000c\000l\000u\000s\000i\000o\000n\000\040\000c\000r\000i\000t\000e\000r\000i\000a}{section.3.2}% 33
\BOOKMARK [2][-]{subsection.3.2.5}{\376\377\000P\000r\000i\000m\000a\000r\000y\000\040\000C\000l\000u\000s\000t\000e\000r\000i\000n\000g}{section.3.2}% 34
\BOOKMARK [1][-]{section.3.3}{\376\377\000R\000e\000s\000u\000l\000t\000s\000\040\000a\000n\000d\000\040\000D\000i\000s\000c\000u\000s\000s\000i\000o\000n}{chapter.3}% 35
\BOOKMARK [2][-]{subsection.3.3.1}{\376\377\000R\000Q\0001\000.\000\040\000W\000h\000a\000t\000\040\000a\000r\000e\000\040\000t\000h\000e\000\040\000u\000s\000e\000\040\000c\000a\000s\000e\000s\000\040\000t\000h\000e\000\040\000A\000I\000\040\000i\000s\000\040\000u\000s\000e\000d\000\040\000t\000o\000\040\000g\000a\000i\000n\000\040\000i\000n\000s\000i\000g\000h\000t\000\040\000t\000o\000\040\000h\000o\000w\000\040\000e\000n\000h\000a\000n\000c\000e\000\040\000t\000h\000e\000\040\000e\000d\000u\000c\000a\000t\000i\000o\000n\000?\000\040\000a\000n\000d\000\040\000w\000h\000a\000t\000\040\000a\000r\000e\000\040\000t\000h\000e\000\040\000A\000I\000\040\000a\000l\000g\000o\000r\000i\000t\000h\000m\000s\000/\000t\000e\000c\000h\000n\000i\000q\000u\000e\000s\000\040\000u\000s\000e\000d\000\040\000f\000o\000r\000\040\000s\000u\000c\000h\000\040\000p\000u\000r\000p\000o\000s\000e\000?}{section.3.3}% 36
\BOOKMARK [2][-]{subsection.3.3.2}{\376\377\000R\000Q\0002\000.\000\040\000W\000h\000a\000t\000\040\000a\000r\000e\000\040\000t\000h\000e\000\040\000m\000e\000t\000r\000i\000c\000s\000\040\000c\000o\000m\000m\000o\000n\000l\000y\000\040\000u\000s\000e\000d\000\040\000t\000o\000\040\000a\000s\000s\000e\000s\000s\000\040\000t\000h\000e\000\040\000q\000u\000a\000l\000i\000t\000y\000\040\000o\000f\000\040\000o\000n\000l\000i\000n\000e\000\040\000a\000n\000d\000\040\000o\000f\000f\000l\000i\000n\000e\000\040\000e\000d\000u\000c\000a\000t\000i\000o\000n\000,\000\040\000w\000h\000a\000t\000\040\000a\000r\000e\000\040\000t\000h\000e\000\040\000p\000e\000r\000f\000o\000r\000m\000a\000n\000c\000e\000\040\000f\000a\000c\000t\000o\000r\000s\000\040\000t\000h\000e\000y\000\040\000u\000s\000e\000d\000\040\000t\000o\000\040\000e\000v\000a\000l\000u\000a\000t\000e\000\040\000t\000h\000e\000s\000e\000s\000\040\000m\000e\000t\000r\000i\000c\000s\000?}{section.3.3}% 37
\BOOKMARK [2][-]{subsection.3.3.3}{\376\377\000R\000Q\000-\0003\000\040\000W\000h\000a\000t\000\040\000i\000s\000\040\000t\000h\000e\000\040\000i\000m\000p\000a\000c\000t\000\040\000o\000f\000\040\000A\000I\000\040\000o\000n\000\040\000t\000h\000e\000\040\000e\000d\000u\000c\000a\000t\000i\000o\000n\000\040\000q\000u\000a\000l\000i\000t\000y\000\040\000f\000o\000r\000\040\000b\000o\000t\000h\000\040\000o\000n\000l\000i\000n\000e\000\040\000a\000n\000d\000\040\000o\000f\000f\000l\000i\000n\000e\000\040\000t\000e\000a\000c\000h\000i\000n\000g\000\040\000f\000o\000r\000m\000a\000t\000s\000?}{section.3.3}% 38
\BOOKMARK [1][-]{section.3.4}{\376\377\000S\000Y\000N\000O\000P\000T\000I\000C\000\040\000S\000U\000M\000M\000A\000R\000Y\000\040\000A\000N\000D\000\040\000S\000I\000G\000N\000I\000F\000I\000C\000A\000N\000C\000E\000\040\000O\000F\000\040\000R\000E\000S\000E\000A\000R\000C\000H}{chapter.3}% 39
\BOOKMARK [1][-]{section.3.5}{\376\377\000L\000I\000M\000I\000T\000A\000T\000I\000O\000N\000S\000,\000\040\000T\000H\000R\000E\000A\000T\000S\000\040\000T\000O\000\040\000V\000A\000L\000I\000D\000I\000T\000Y\000,\000\040\000A\000N\000D\000\040\000R\000E\000V\000I\000E\000W\000\040\000A\000S\000S\000E\000S\000S\000M\000E\000N\000T}{chapter.3}% 40
\BOOKMARK [2][-]{subsection.3.5.1}{\376\377\000L\000i\000m\000i\000t\000a\000t\000i\000o\000n\000s}{section.3.5}% 41
\BOOKMARK [2][-]{subsection.3.5.2}{\376\377\000T\000h\000r\000e\000a\000t\000s\000\040\000t\000o\000\040\000V\000a\000l\000i\000d\000i\000t\000y}{section.3.5}% 42
\BOOKMARK [2][-]{subsection.3.5.3}{\376\377\000R\000e\000v\000i\000e\000w\000\040\000A\000s\000s\000e\000s\000s\000m\000e\000n\000t}{section.3.5}% 43
\BOOKMARK [1][-]{section.3.6}{\376\377\000c\000o\000n\000c\000l\000u\000s\000i\000o\000n}{chapter.3}% 44
\BOOKMARK [1][-]{section.3.7}{\376\377\000A\000p\000p\000e\000n\000d\000i\000x}{chapter.3}% 45
\BOOKMARK [2][-]{subsection.3.7.1}{\376\377\000P\000r\000i\000s\000m\000a\000\040\000c\000h\000e\000c\000k\000l\000i\000s\000t}{section.3.7}% 46
\BOOKMARK [2][-]{subsection.3.7.2}{\376\377\000Q\000u\000a\000l\000i\000t\000y\000\040\000A\000s\000s\000e\000s\000s\000m\000e\000n\000t}{section.3.7}% 47
\BOOKMARK [0][-]{chapter.4}{\376\377\000A\000h\000a\000d\000i\000t\000h\000\040\000A\000I\000:\000\040\000N\000a\000v\000i\000g\000a\000t\000i\000n\000g\000\040\000A\000u\000t\000h\000e\000n\000t\000i\000c\000i\000t\000y\000\040\000a\000n\000d\000\040\000C\000l\000a\000s\000s\000i\000f\000i\000c\000a\000t\000i\000o\000n}{}% 48
\BOOKMARK [1][-]{section.4.1}{\376\377\000I\000n\000t\000r\000o\000d\000u\000c\000t\000i\000o\000n}{chapter.4}% 49
\BOOKMARK [2][-]{subsection.4.1.1}{\376\377\000O\000b\000j\000e\000c\000t\000i\000v\000e\000\040\000o\000f\000\040\000t\000h\000e\000\040\000R\000e\000s\000e\000a\000r\000c\000h}{section.4.1}% 50
\BOOKMARK [2][-]{subsection.4.1.2}{\376\377\000W\000h\000a\000t\000\040\000i\000s\000\040\000H\000a\000d\000i\000t\000h}{section.4.1}% 51
\BOOKMARK [2][-]{subsection.4.1.3}{\376\377\000W\000h\000a\000t\000\040\000i\000s\000\040\000t\000h\000e\000\040\000R\000i\000y\000a\000d\000h\000\040\000A\000l\000-\000S\000a\000l\000i\000h\000i\000n\000\040\000B\000o\000o\000k\000?}{section.4.1}% 52
\BOOKMARK [2][-]{subsection.4.1.4}{\376\377\000W\000h\000y\000\040\000C\000h\000o\000o\000s\000e\000\040\000R\000i\000y\000a\000d\000h\000\040\000A\000l\000-\000S\000a\000l\000i\000h\000i\000n}{section.4.1}% 53
\BOOKMARK [2][-]{subsection.4.1.5}{\376\377\000W\000h\000a\000t\000\040\000i\000s\000\040\000S\000e\000m\000a\000n\000t\000i\000c\000\040\000s\000e\000a\000r\000c\000h}{section.4.1}% 54
\BOOKMARK [1][-]{section.4.2}{\376\377\000M\000e\000t\000h\000o\000d\000o\000l\000o\000g\000y}{chapter.4}% 55
\BOOKMARK [1][-]{section.4.3}{\376\377\000\040\000G\000e\000t\000t\000i\000n\000g\000\040\000t\000h\000e\000\040\000D\000a\000t\000a}{chapter.4}% 56
\BOOKMARK [1][-]{section.4.4}{\376\377\000G\000e\000n\000e\000r\000a\000t\000i\000n\000g\000\040\000T\000i\000t\000l\000e\000s}{chapter.4}% 57
\BOOKMARK [2][-]{subsection.4.4.1}{\376\377\000A\000r\000a\000b\000i\000c\000\040\000T\000i\000t\000l\000e\000s}{section.4.4}% 58
\BOOKMARK [2][-]{subsection.4.4.2}{\376\377\000G\000e\000n\000e\000r\000a\000t\000i\000n\000g\000\040\000E\000n\000g\000l\000i\000s\000h\000\040\000T\000i\000t\000l\000e\000s}{section.4.4}% 59
\BOOKMARK [1][-]{section.4.5}{\376\377\000S\000e\000m\000a\000n\000t\000i\000c\000\040\000S\000e\000a\000r\000c\000h}{chapter.4}% 60
\BOOKMARK [2][-]{subsection.4.5.1}{\376\377\000C\000r\000e\000a\000t\000i\000n\000g\000\040\000E\000m\000b\000e\000d\000d\000i\000n\000g\000s\000\040\000f\000o\000r\000\040\000H\000a\000d\000i\000t\000h\000\040\000D\000a\000t\000a\000s\000e\000t}{section.4.5}% 61
\BOOKMARK [2][-]{subsection.4.5.2}{\376\377\000P\000e\000r\000f\000o\000r\000m\000i\000n\000g\000\040\000S\000e\000m\000a\000n\000t\000i\000c\000\040\000S\000e\000a\000r\000c\000h}{section.4.5}% 62
\BOOKMARK [2][-]{subsection.4.5.3}{\376\377\000C\000o\000m\000p\000a\000r\000i\000s\000o\000n}{section.4.5}% 63
\BOOKMARK [2][-]{subsection.4.5.4}{\376\377\000R\000e\000s\000u\000l\000t\000s\000\040\000I\000n\000t\000e\000r\000p\000r\000e\000t\000a\000t\000i\000o\000n}{section.4.5}% 64
\BOOKMARK [2][-]{subsection.4.5.5}{\376\377\000E\000x\000p\000e\000r\000t\000\040\000O\000p\000i\000n\000i\000o\000n}{section.4.5}% 65
\BOOKMARK [1][-]{section.4.6}{\376\377\000A\000p\000p\000\040\000/\000\040\000A\000P\000I\000\040\000D\000e\000v\000e\000l\000o\000p\000m\000e\000n\000t}{chapter.4}% 66
\BOOKMARK [1][-]{section.4.7}{\376\377\000C\000o\000n\000c\000l\000u\000s\000i\000o\000n}{chapter.4}% 67
\BOOKMARK [1][-]{section.Alph0.1}{\376\377\000A\000p\000p\000e\000n\000d\000i\000x\000\040\000A}{chapter.4}% 68
\BOOKMARK [1][-]{section.Alph0.2}{\376\377\000F\000i\000g\000u\000r\000e\000s}{chapter.4}% 69
\BOOKMARK [1][-]{section.Alph0.3}{\376\377\000S\000y\000s\000t\000e\000m\000\040\000P\000r\000o\000m\000p\000t\000s\000,\000\040\000P\000u\000r\000p\000o\000s\000e\000,\000\040\000M\000o\000d\000e\000l}{chapter.4}% 70
\BOOKMARK [0][-]{appendix.A}{\376\377\000F\000a\000t\000a\000w\000a\000\040\000A\000I\000:\000\040\000I\000d\000e\000n\000t\000i\000f\000y\000i\000n\000g\000\040\000t\000h\000e\000\040\000H\000a\000l\000l\000u\000c\000i\000n\000a\000t\000i\000o\000n\000\040\000D\000e\000f\000i\000c\000i\000t\000\040\000i\000n\000\040\000L\000L\000M\000s}{}% 71
\BOOKMARK [1][-]{section.A.1}{\376\377\000I\000n\000t\000r\000o\000d\000u\000c\000t\000i\000o\000n}{appendix.A}% 72
\BOOKMARK [1][-]{section.A.2}{\376\377\000C\000o\000n\000t\000e\000x\000t\000\040\000a\000n\000d\000\040\000P\000r\000i\000o\000r\000\040\000W\000o\000r\000k}{appendix.A}% 73
\BOOKMARK [2][-]{subsection.A.2.1}{\376\377\000A\000h\000a\000d\000e\000e\000t\000h\000.\000A\000I\000\040\000a\000n\000d\000\040\000I\000s\000l\000a\000m\000i\000c\000\040\000I\000n\000f\000o\000r\000m\000a\000t\000i\000o\000n\000\040\000R\000e\000t\000r\000i\000e\000v\000a\000l}{section.A.2}% 74
\BOOKMARK [2][-]{subsection.A.2.2}{\376\377\000L\000L\000M\000s\000\040\000i\000n\000\040\000F\000a\000t\000a\000w\000a\000\040\000G\000e\000n\000e\000r\000a\000t\000i\000o\000n}{section.A.2}% 75
\BOOKMARK [1][-]{section.A.3}{\376\377\000F\000a\000t\000a\000w\000a\000\040\000A\000I\000:\000\040\000D\000a\000t\000a\000s\000e\000t\000\040\000a\000n\000d\000\040\000M\000e\000t\000h\000o\000d\000o\000l\000o\000g\000y}{appendix.A}% 76
\BOOKMARK [2][-]{subsection.A.3.1}{\376\377\000D\000a\000t\000a\000s\000e\000t\000\040\000C\000o\000n\000s\000t\000r\000u\000c\000t\000i\000o\000n\000\040\000a\000n\000d\000\040\000V\000a\000l\000i\000d\000a\000t\000i\000o\000n}{section.A.3}% 77
\BOOKMARK [2][-]{subsection.A.3.2}{\376\377\000E\000v\000a\000l\000u\000a\000t\000i\000o\000n\000\040\000M\000e\000t\000h\000o\000d\000o\000l\000o\000g\000y\000:\000\040\000T\000h\000e\000\040\000L\000L\000M\000-\000a\000s\000-\000a\000-\000J\000u\000d\000g\000e\000\040\000P\000a\000r\000a\000d\000i\000g\000m}{section.A.3}% 78
\BOOKMARK [1][-]{section.A.4}{\376\377\000R\000e\000s\000u\000l\000t\000s\000\040\000a\000n\000d\000\040\000A\000n\000a\000l\000y\000t\000i\000c\000a\000l\000\040\000D\000i\000s\000c\000u\000s\000s\000i\000o\000n}{appendix.A}% 79
\BOOKMARK [2][-]{subsection.A.4.1}{\376\377\000O\000v\000e\000r\000a\000l\000l\000\040\000B\000a\000s\000e\000l\000i\000n\000e\000\040\000A\000c\000c\000u\000r\000a\000c\000y}{section.A.4}% 80
\BOOKMARK [2][-]{subsection.A.4.2}{\376\377\000C\000r\000o\000s\000s\000-\000C\000a\000t\000e\000g\000o\000r\000y\000\040\000P\000e\000r\000f\000o\000r\000m\000a\000n\000c\000e\000\040\000a\000n\000d\000\040\000L\000o\000g\000i\000c\000\040\000B\000r\000e\000a\000k\000d\000o\000w\000n}{section.A.4}% 81
\BOOKMARK [1][-]{section.A.5}{\376\377\000D\000i\000s\000c\000u\000s\000s\000i\000o\000n\000\040\000a\000n\000d\000\040\000E\000t\000h\000i\000c\000a\000l\000\040\000I\000m\000p\000l\000i\000c\000a\000t\000i\000o\000n\000s}{appendix.A}% 82
\BOOKMARK [1][-]{section.A.6}{\376\377\000C\000o\000n\000c\000l\000u\000s\000i\000o\000n\000\040\000a\000n\000d\000\040\000F\000u\000t\000u\000r\000e\000\040\000W\000o\000r\000k}{appendix.A}% 83
\BOOKMARK [1][-]{section.Alph0.1}{\376\377\000A\000p\000p\000e\000n\000d\000i\000x\000:\000\040\000E\000v\000a\000l\000u\000a\000t\000i\000o\000n\000\040\000P\000r\000o\000m\000p\000t\000\040\000T\000e\000m\000p\000l\000a\000t\000e}{appendix.A}% 84
\BOOKMARK [0][-]{appendix.A}{\376\377\000A\000g\000e\000n\000t\000i\000x\000\040\000I\000s\000l\000a\000m\000:\000\040\000A\000r\000c\000h\000i\000t\000e\000c\000t\000i\000n\000g\000\040\000t\000h\000e\000\040\000Z\000e\000r\000o\000-\000H\000a\000l\000l\000u\000c\000i\000n\000a\000t\000i\000o\000n\000\040\000F\000r\000a\000m\000e\000w\000o\000r\000k}{}% 85
\BOOKMARK [1][-]{section.A.1}{\376\377\000T\000e\000c\000h\000n\000i\000c\000a\000l\000\040\000I\000m\000p\000l\000e\000m\000e\000n\000t\000a\000t\000i\000o\000n\000\040\000o\000f\000\040\000t\000h\000e\000\040\000A\000g\000e\000n\000t\000i\000c\000\040\000I\000s\000l\000a\000m\000i\000c\000\040\000F\000a\000t\000w\000a\000\040\000\050\000R\000A\000G\000\051\000\040\000F\000r\000a\000m\000e\000w\000o\000r\000k}{appendix.A}% 86
\BOOKMARK [2][-]{subsection.A.1.1}{\376\377\000D\000a\000t\000a\000\040\000I\000n\000g\000e\000s\000t\000i\000o\000n\000\040\000a\000n\000d\000\040\000S\000t\000r\000u\000c\000t\000u\000r\000e\000d\000\040\000P\000a\000r\000s\000i\000n\000g}{section.A.1}% 87
\BOOKMARK [2][-]{subsection.A.1.2}{\376\377\000H\000i\000e\000r\000a\000r\000c\000h\000i\000c\000a\000l\000\040\000M\000e\000t\000a\000d\000a\000t\000a\000\040\000a\000n\000d\000\040\000T\000a\000b\000l\000e\000\040\000o\000f\000\040\000C\000o\000n\000t\000e\000n\000t\000s\000\040\000\050\000T\000O\000C\000\051\000\040\000E\000n\000g\000i\000n\000e\000e\000r\000i\000n\000g}{section.A.1}% 88
\BOOKMARK [2][-]{subsection.A.1.3}{\376\377\000V\000e\000c\000t\000o\000r\000i\000z\000a\000t\000i\000o\000n\000\040\000a\000n\000d\000\040\000D\000a\000t\000a\000b\000a\000s\000e\000\040\000C\000o\000n\000s\000t\000r\000u\000c\000t\000i\000o\000n}{section.A.1}% 89
\BOOKMARK [2][-]{subsection.A.1.4}{\376\377\000A\000g\000e\000n\000t\000i\000c\000\040\000O\000r\000c\000h\000e\000s\000t\000r\000a\000t\000i\000o\000n\000\040\000a\000n\000d\000\040\000B\000a\000c\000k\000e\000n\000d\000\040\000L\000o\000g\000i\000c\000\040\000\050\000F\000a\000s\000t\000A\000P\000I\000\051}{section.A.1}% 90
\BOOKMARK [0][-]{appendix.B}{\376\377\000D\000i\000s\000c\000u\000s\000s\000i\000o\000n\000\040\000a\000n\000d\000\040\000S\000y\000n\000t\000h\000e\000s\000i\000z\000e\000d\000\040\000V\000a\000l\000i\000d\000a\000t\000i\000o\000n}{}% 91
\BOOKMARK [1][-]{section.B.1}{\376\377\000T\000h\000e\000\040\000E\000v\000o\000l\000u\000t\000i\000o\000n\000\040\000f\000r\000o\000m\000\040\000E\000x\000t\000r\000a\000c\000t\000i\000o\000n\000\040\000t\000o\000\040\000G\000e\000n\000e\000r\000a\000t\000i\000o\000n}{appendix.B}% 92
\BOOKMARK [1][-]{section.B.2}{\376\377\000D\000a\000t\000a\000s\000e\000t\000\040\000C\000o\000n\000t\000r\000i\000b\000u\000t\000i\000o\000n\000s\000\040\000a\000n\000d\000\040\000H\000a\000l\000l\000u\000c\000i\000n\000a\000t\000i\000o\000n\000\040\000R\000e\000d\000u\000c\000t\000i\000o\000n}{appendix.B}% 93
\BOOKMARK [1][-]{section.B.3}{\376\377\000V\000a\000l\000i\000d\000a\000t\000i\000n\000g\000\040\000t\000h\000e\000\040\000R\000A\000G\000\040\000A\000r\000c\000h\000i\000t\000e\000c\000t\000u\000r\000a\000l\000\040\000S\000u\000p\000e\000r\000i\000o\000r\000i\000t\000y}{appendix.B}% 94
\BOOKMARK [0][-]{appendix.C}{\376\377\000C\000o\000n\000c\000l\000u\000s\000i\000o\000n}{}% 95
