This is pdfTeX, Version 3.141592653-2.6-1.40.27 (TeX Live 2025) (preloaded format=pdflatex 2026.2.26)  8 MAR 2026 17:38
entering extended mode
 restricted \write18 enabled.
 %&-line parsing enabled.
**templates/author.tex
(./templates/author.tex
LaTeX2e <2024-11-01> patch level 2
L3 programming layer <2025-01-18>
(templates/svproc.cls
Document Class: svproc 2016/07/20 v1.3 
 LaTeX document class for Proceedings volumes
(/usr/local/texlive/2025basic/texmf-dist/tex/latex/base/article.cls
Document Class: article 2024/06/29 v1.4n Standard LaTeX document class
(/usr/local/texlive/2025basic/texmf-dist/tex/latex/base/size10.clo
File: size10.clo 2024/06/29 v1.4n Standard LaTeX file (size option)
)
\c@part=\count196
\c@section=\count197
\c@subsection=\count198
\c@subsubsection=\count199
\c@paragraph=\count266
\c@subparagraph=\count267
\c@figure=\count268
\c@table=\count269
\abovecaptionskip=\skip49
\belowcaptionskip=\skip50
\bibindent=\dimen141
)
(/usr/local/texlive/2025basic/texmf-dist/tex/latex/tools/multicol.sty
Package: multicol 2024/09/14 v1.9i multicolumn formatting (FMi)
\c@tracingmulticols=\count270
\mult@box=\box52
\multicol@leftmargin=\dimen142
\c@unbalance=\count271
\c@collectmore=\count272
\doublecol@number=\count273
\multicoltolerance=\count274
\multicolpretolerance=\count275
\full@width=\dimen143
\page@free=\dimen144
\premulticols=\dimen145
\postmulticols=\dimen146
\multicolsep=\skip51
\multicolbaselineskip=\skip52
\partial@page=\box53
\last@line=\box54
\mc@boxedresult=\box55
\maxbalancingoverflow=\dimen147
\mult@rightbox=\box56
\mult@grightbox=\box57
\mult@firstbox=\box58
\mult@gfirstbox=\box59
\@tempa=\box60
\@tempa=\box61
\@tempa=\box62
\@tempa=\box63
\@tempa=\box64
\@tempa=\box65
\@tempa=\box66
\@tempa=\box67
\@tempa=\box68
\@tempa=\box69
\@tempa=\box70
\@tempa=\box71
\@tempa=\box72
\@tempa=\box73
\@tempa=\box74
\@tempa=\box75
\@tempa=\box76
\@tempa=\box77
\@tempa=\box78
\@tempa=\box79
\@tempa=\box80
\@tempa=\box81
\@tempa=\box82
\@tempa=\box83
\@tempa=\box84
\@tempa=\box85
\@tempa=\box86
\@tempa=\box87
\@tempa=\box88
\@tempa=\box89
\@tempa=\box90
\@tempa=\box91
\@tempa=\box92
\@tempa=\box93
\@tempa=\box94
\@tempa=\box95
\c@minrows=\count276
\c@columnbadness=\count277
\c@finalcolumnbadness=\count278
\last@try=\dimen148
\multicolovershoot=\dimen149
\multicolundershoot=\dimen150
\mult@nat@firstbox=\box96
\colbreak@box=\box97
\mc@col@check@num=\count279
)
(/usr/local/texlive/2025basic/texmf-dist/tex/latex/oberdiek/aliascnt.sty
Package: aliascnt 2018/09/07 v1.5 Alias counters (HO)
)
\c@chapter=\count280
LaTeX Font Info:    Redeclaring math symbol \Gamma on input line 369.
LaTeX Font Info:    Redeclaring math symbol \Delta on input line 370.
LaTeX Font Info:    Redeclaring math symbol \Theta on input line 371.
LaTeX Font Info:    Redeclaring math symbol \Lambda on input line 372.
LaTeX Font Info:    Redeclaring math symbol \Xi on input line 373.
LaTeX Font Info:    Redeclaring math symbol \Pi on input line 374.
LaTeX Font Info:    Redeclaring math symbol \Sigma on input line 375.
LaTeX Font Info:    Redeclaring math symbol \Upsilon on input line 376.
LaTeX Font Info:    Redeclaring math symbol \Phi on input line 377.
LaTeX Font Info:    Redeclaring math symbol \Psi on input line 378.
LaTeX Font Info:    Redeclaring math symbol \Omega on input line 379.
\tocchpnum=\dimen151
\tocsecnum=\dimen152
\tocsectotal=\dimen153
\tocsubsecnum=\dimen154
\tocsubsectotal=\dimen155
\tocsubsubsecnum=\dimen156
\tocsubsubsectotal=\dimen157
\tocparanum=\dimen158
\tocparatotal=\dimen159
\tocsubparanum=\dimen160
\@tempcntc=\count281
\fnindent=\dimen161
\c@@inst=\count282
\c@@auth=\count283
\c@auco=\count284
\instindent=\dimen162
\authrun=\box98
\authorrunning=\toks17
\tocauthor=\toks18
\titrun=\box99
\titlerunning=\toks19
\toctitle=\toks20
\c@theorem=\count285
\c@case=\count286
\c@conjecture=\count287
\c@corollary=\count288
\c@definition=\count289
\c@example=\count290
\c@exercise=\count291
\c@lemma=\count292
\c@note=\count293
\c@problem=\count294
\c@property=\count295
\c@proposition=\count296
\c@question=\count297
\c@solution=\count298
\c@remark=\count299
\headlineindent=\dimen163
)
(/usr/local/texlive/2025basic/texmf-dist/tex/latex/url/url.sty
\Urlmuskip=\muskip17
Package: url 2013/09/16  ver 3.4  Verb mode for urls, etc.
)
(/usr/local/texlive/2025basic/texmf-dist/tex/latex/cite/cite.sty
LaTeX Info: Redefining \cite on input line 302.
LaTeX Info: Redefining \nocite on input line 332.
Package: cite 2015/02/27  v 5.5
)
(/usr/local/texlive/2025basic/texmf-dist/tex/latex/amsmath/amsmath.sty
Package: amsmath 2024/11/05 v2.17t AMS math features
\@mathmargin=\skip53

For additional information on amsmath, use the `?' option.
(/usr/local/texlive/2025basic/texmf-dist/tex/latex/amsmath/amstext.sty
Package: amstext 2021/08/26 v2.01 AMS text

(/usr/local/texlive/2025basic/texmf-dist/tex/latex/amsmath/amsgen.sty
File: amsgen.sty 1999/11/30 v2.0 generic functions
\@emptytoks=\toks21
\ex@=\dimen164
))
(/usr/local/texlive/2025basic/texmf-dist/tex/latex/amsmath/amsbsy.sty
Package: amsbsy 1999/11/29 v1.2d Bold Symbols
\pmbraise@=\dimen165
)
(/usr/local/texlive/2025basic/texmf-dist/tex/latex/amsmath/amsopn.sty
Package: amsopn 2022/04/08 v2.04 operator names
)
\inf@bad=\count300
LaTeX Info: Redefining \frac on input line 233.
\uproot@=\count301
\leftroot@=\count302
LaTeX Info: Redefining \overline on input line 398.
LaTeX Info: Redefining \colon on input line 409.
\classnum@=\count303
\DOTSCASE@=\count304
LaTeX Info: Redefining \ldots on input line 495.
LaTeX Info: Redefining \dots on input line 498.
LaTeX Info: Redefining \cdots on input line 619.
\Mathstrutbox@=\box100
\strutbox@=\box101
LaTeX Info: Redefining \big on input line 721.
LaTeX Info: Redefining \Big on input line 722.
LaTeX Info: Redefining \bigg on input line 723.
LaTeX Info: Redefining \Bigg on input line 724.
\big@size=\dimen166
LaTeX Font Info:    Redeclaring font encoding OML on input line 742.
LaTeX Font Info:    Redeclaring font encoding OMS on input line 743.
\macc@depth=\count305
LaTeX Info: Redefining \bmod on input line 904.
LaTeX Info: Redefining \pmod on input line 909.
LaTeX Info: Redefining \smash on input line 939.
LaTeX Info: Redefining \relbar on input line 969.
LaTeX Info: Redefining \Relbar on input line 970.
\c@MaxMatrixCols=\count306
\dotsspace@=\muskip18
\c@parentequation=\count307
\dspbrk@lvl=\count308
\tag@help=\toks22
\row@=\count309
\column@=\count310
\maxfields@=\count311
\andhelp@=\toks23
\eqnshift@=\dimen167
\alignsep@=\dimen168
\tagshift@=\dimen169
\tagwidth@=\dimen170
\totwidth@=\dimen171
\lineht@=\dimen172
\@envbody=\toks24
\multlinegap=\skip54
\multlinetaggap=\skip55
\mathdisplay@stack=\toks25
LaTeX Info: Redefining \[ on input line 2953.
LaTeX Info: Redefining \] on input line 2954.
)
(/usr/local/texlive/2025basic/texmf-dist/tex/latex/amsfonts/amssymb.sty
Package: amssymb 2013/01/14 v3.01 AMS font symbols

(/usr/local/texlive/2025basic/texmf-dist/tex/latex/amsfonts/amsfonts.sty
Package: amsfonts 2013/01/14 v3.01 Basic AMSFonts support
\symAMSa=\mathgroup4
\symAMSb=\mathgroup5
LaTeX Font Info:    Redeclaring math symbol \hbar on input line 98.
LaTeX Font Info:    Overwriting math alphabet `\mathfrak' in version `bold'
(Font)                  U/euf/m/n --> U/euf/b/n on input line 106.
))
(/usr/local/texlive/2025basic/texmf-dist/tex/latex/graphics/graphicx.sty
Package: graphicx 2021/09/16 v1.2d Enhanced LaTeX Graphics (DPC,SPQR)

(/usr/local/texlive/2025basic/texmf-dist/tex/latex/graphics/keyval.sty
Package: keyval 2022/05/29 v1.15 key=value parser (DPC)
\KV@toks@=\toks26
)
(/usr/local/texlive/2025basic/texmf-dist/tex/latex/graphics/graphics.sty
Package: graphics 2024/08/06 v1.4g Standard LaTeX Graphics (DPC,SPQR)

(/usr/local/texlive/2025basic/texmf-dist/tex/latex/graphics/trig.sty
Package: trig 2023/12/02 v1.11 sin cos tan (DPC)
)
(/usr/local/texlive/2025basic/texmf-dist/tex/latex/graphics-cfg/graphics.cfg
File: graphics.cfg 2016/06/04 v1.11 sample graphics configuration
)
Package graphics Info: Driver file: pdftex.def on input line 106.

(/usr/local/texlive/2025basic/texmf-dist/tex/latex/graphics-def/pdftex.def
File: pdftex.def 2024/04/13 v1.2c Graphics/color driver for pdftex
))
\Gin@req@height=\dimen173
\Gin@req@width=\dimen174
)
(/usr/local/texlive/2025basic/texmf-dist/tex/latex/base/textcomp.sty
Package: textcomp 2024/04/24 v2.1b Standard LaTeX package
)
(/Users/mac/Library/texmf/tex/latex/xcolor/xcolor.sty
Package: xcolor 2024/09/29 v3.02 LaTeX color extensions (UK)

(/usr/local/texlive/2025basic/texmf-dist/tex/latex/graphics-cfg/color.cfg
File: color.cfg 2016/01/02 v1.6 sample color configuration
)
Package xcolor Info: Driver file: pdftex.def on input line 274.

(/usr/local/texlive/2025basic/texmf-dist/tex/latex/graphics/mathcolor.ltx)
Package xcolor Info: Model `cmy' substituted by `cmy0' on input line 1349.
Package xcolor Info: Model `hsb' substituted by `rgb' on input line 1353.
Package xcolor Info: Model `RGB' extended on input line 1365.
Package xcolor Info: Model `HTML' substituted by `rgb' on input line 1367.
Package xcolor Info: Model `Hsb' substituted by `hsb' on input line 1368.
Package xcolor Info: Model `tHsb' substituted by `hsb' on input line 1369.
Package xcolor Info: Model `HSB' substituted by `hsb' on input line 1370.
Package xcolor Info: Model `Gray' substituted by `gray' on input line 1371.
Package xcolor Info: Model `wave' substituted by `hsb' on input line 1372.
)
(/usr/local/texlive/2025basic/texmf-dist/tex/latex/tools/tabularx.sty
Package: tabularx 2023/12/11 v2.12a `tabularx' package (DPC)

(/usr/local/texlive/2025basic/texmf-dist/tex/latex/tools/array.sty
Package: array 2024/10/17 v2.6g Tabular extension package (FMi)
\col@sep=\dimen175
\ar@mcellbox=\box102
\extrarowheight=\dimen176
\NC@list=\toks27
\extratabsurround=\skip56
\backup@length=\skip57
\ar@cellbox=\box103
)
\TX@col@width=\dimen177
\TX@old@table=\dimen178
\TX@old@col=\dimen179
\TX@target=\dimen180
\TX@delta=\dimen181
\TX@cols=\count312
\TX@ftn=\toks28
)
(/usr/local/texlive/2025basic/texmf-dist/tex/latex/hyperref/hyperref.sty
Package: hyperref 2024-11-05 v7.01l Hypertext links for LaTeX

(/usr/local/texlive/2025basic/texmf-dist/tex/generic/iftex/iftex.sty
Package: iftex 2024/12/12 v1.0g TeX engine tests
)
(/usr/local/texlive/2025basic/texmf-dist/tex/latex/kvsetkeys/kvsetkeys.sty
Package: kvsetkeys 2022-10-05 v1.19 Key value parser (HO)
)
(/usr/local/texlive/2025basic/texmf-dist/tex/generic/kvdefinekeys/kvdefinekeys.
sty
Package: kvdefinekeys 2019-12-19 v1.6 Define keys (HO)
)
(/usr/local/texlive/2025basic/texmf-dist/tex/generic/pdfescape/pdfescape.sty
Package: pdfescape 2019/12/09 v1.15 Implements pdfTeX's escape features (HO)

(/usr/local/texlive/2025basic/texmf-dist/tex/generic/ltxcmds/ltxcmds.sty
Package: ltxcmds 2023-12-04 v1.26 LaTeX kernel commands for general use (HO)
)
(/usr/local/texlive/2025basic/texmf-dist/tex/generic/pdftexcmds/pdftexcmds.sty
Package: pdftexcmds 2020-06-27 v0.33 Utility functions of pdfTeX for LuaTeX (HO
)

(/usr/local/texlive/2025basic/texmf-dist/tex/generic/infwarerr/infwarerr.sty
Package: infwarerr 2019/12/03 v1.5 Providing info/warning/error messages (HO)
)
Package pdftexcmds Info: \pdf@primitive is available.
Package pdftexcmds Info: \pdf@ifprimitive is available.
Package pdftexcmds Info: \pdfdraftmode found.
)) (/usr/local/texlive/2025basic/texmf-dist/tex/latex/hycolor/hycolor.sty
Package: hycolor 2020-01-27 v1.10 Color options for hyperref/bookmark (HO)
)
(/usr/local/texlive/2025basic/texmf-dist/tex/latex/hyperref/nameref.sty
Package: nameref 2023-11-26 v2.56 Cross-referencing by name of section

(/usr/local/texlive/2025basic/texmf-dist/tex/latex/refcount/refcount.sty
Package: refcount 2019/12/15 v3.6 Data extraction from label references (HO)
)
(/usr/local/texlive/2025basic/texmf-dist/tex/generic/gettitlestring/gettitlestr
ing.sty
Package: gettitlestring 2019/12/15 v1.6 Cleanup title references (HO)

(/usr/local/texlive/2025basic/texmf-dist/tex/latex/kvoptions/kvoptions.sty
Package: kvoptions 2022-06-15 v3.15 Key value format for package options (HO)
))
\c@section@level=\count313
)
(/usr/local/texlive/2025basic/texmf-dist/tex/latex/etoolbox/etoolbox.sty
Package: etoolbox 2025/02/11 v2.5l e-TeX tools for LaTeX (JAW)
\etb@tempcnta=\count314
)
(/usr/local/texlive/2025basic/texmf-dist/tex/generic/stringenc/stringenc.sty
Package: stringenc 2019/11/29 v1.12 Convert strings between diff. encodings (HO
)
)
\@linkdim=\dimen182
\Hy@linkcounter=\count315
\Hy@pagecounter=\count316

(/usr/local/texlive/2025basic/texmf-dist/tex/latex/hyperref/pd1enc.def
File: pd1enc.def 2024-11-05 v7.01l Hyperref: PDFDocEncoding definition (HO)
Now handling font encoding PD1 ...
... no UTF-8 mapping file for font encoding PD1
)
(/usr/local/texlive/2025basic/texmf-dist/tex/generic/intcalc/intcalc.sty
Package: intcalc 2019/12/15 v1.3 Expandable calculations with integers (HO)
)
\Hy@SavedSpaceFactor=\count317

(/usr/local/texlive/2025basic/texmf-dist/tex/latex/hyperref/puenc.def
File: puenc.def 2024-11-05 v7.01l Hyperref: PDF Unicode definition (HO)
Now handling font encoding PU ...
... no UTF-8 mapping file for font encoding PU
)
Package hyperref Info: Hyper figures OFF on input line 4157.
Package hyperref Info: Link nesting OFF on input line 4162.
Package hyperref Info: Hyper index ON on input line 4165.
Package hyperref Info: Plain pages OFF on input line 4172.
Package hyperref Info: Backreferencing OFF on input line 4177.
Package hyperref Info: Implicit mode ON; LaTeX internals redefined.
Package hyperref Info: Bookmarks ON on input line 4424.
\c@Hy@tempcnt=\count318
LaTeX Info: Redefining \url on input line 4763.
\XeTeXLinkMargin=\dimen183

(/usr/local/texlive/2025basic/texmf-dist/tex/generic/bitset/bitset.sty
Package: bitset 2019/12/09 v1.3 Handle bit-vector datatype (HO)

(/usr/local/texlive/2025basic/texmf-dist/tex/generic/bigintcalc/bigintcalc.sty
Package: bigintcalc 2019/12/15 v1.5 Expandable calculations on big integers (HO
)
))
\Fld@menulength=\count319
\Field@Width=\dimen184
\Fld@charsize=\dimen185
Package hyperref Info: Hyper figures OFF on input line 6042.
Package hyperref Info: Link nesting OFF on input line 6047.
Package hyperref Info: Hyper index ON on input line 6050.
Package hyperref Info: backreferencing OFF on input line 6057.
Package hyperref Info: Link coloring OFF on input line 6062.
Package hyperref Info: Link coloring with OCG OFF on input line 6067.
Package hyperref Info: PDF/A mode OFF on input line 6072.
 (/usr/local/texlive/2025basic/texmf-dist/tex/latex/base/atbegshi-ltx.sty
Package: atbegshi-ltx 2021/01/10 v1.0c Emulation of the original atbegshi
package with kernel methods
)
\Hy@abspage=\count320
\c@Item=\count321
\c@Hfootnote=\count322
)
Package hyperref Info: Driver (autodetected): hpdftex.

(/usr/local/texlive/2025basic/texmf-dist/tex/latex/hyperref/hpdftex.def
File: hpdftex.def 2024-11-05 v7.01l Hyperref driver for pdfTeX

(/usr/local/texlive/2025basic/texmf-dist/tex/latex/base/atveryend-ltx.sty
Package: atveryend-ltx 2020/08/19 v1.0a Emulation of the original atveryend pac
kage
with kernel methods
)
\Fld@listcount=\count323
\c@bookmark@seq@number=\count324

(/usr/local/texlive/2025basic/texmf-dist/tex/latex/rerunfilecheck/rerunfilechec
k.sty
Package: rerunfilecheck 2022-07-10 v1.10 Rerun checks for auxiliary files (HO)

(/usr/local/texlive/2025basic/texmf-dist/tex/generic/uniquecounter/uniquecounte
r.sty
Package: uniquecounter 2019/12/15 v1.4 Provide unlimited unique counter (HO)
)
Package uniquecounter Info: New unique counter `rerunfilecheck' on input line 2
85.
)
\Hy@SectionHShift=\skip58
)
(/usr/local/texlive/2025basic/texmf-dist/tex/latex/l3backend/l3backend-pdftex.d
ef
File: l3backend-pdftex.def 2024-05-08 L3 backend support: PDF output (pdfTeX)
\l__color_backend_stack_int=\count325
\l__pdf_internal_box=\box104
)
No file author.aux.
\openout1 = `author.aux'.

LaTeX Font Info:    Checking defaults for OML/cmm/m/it on input line 28.
LaTeX Font Info:    ... okay on input line 28.
LaTeX Font Info:    Checking defaults for OMS/cmsy/m/n on input line 28.
LaTeX Font Info:    ... okay on input line 28.
LaTeX Font Info:    Checking defaults for OT1/cmr/m/n on input line 28.
LaTeX Font Info:    ... okay on input line 28.
LaTeX Font Info:    Checking defaults for T1/cmr/m/n on input line 28.
LaTeX Font Info:    ... okay on input line 28.
LaTeX Font Info:    Checking defaults for TS1/cmr/m/n on input line 28.
LaTeX Font Info:    ... okay on input line 28.
LaTeX Font Info:    Checking defaults for OMX/cmex/m/n on input line 28.
LaTeX Font Info:    ... okay on input line 28.
LaTeX Font Info:    Checking defaults for U/cmr/m/n on input line 28.
LaTeX Font Info:    ... okay on input line 28.
LaTeX Font Info:    Checking defaults for PD1/pdf/m/n on input line 28.
LaTeX Font Info:    ... okay on input line 28.
LaTeX Font Info:    Checking defaults for PU/pdf/m/n on input line 28.
LaTeX Font Info:    ... okay on input line 28.
(/usr/local/texlive/2025basic/texmf-dist/tex/context/base/mkii/supp-pdf.mkii
[Loading MPS to PDF converter (version 2006.09.02).]
\scratchcounter=\count326
\scratchdimen=\dimen186
\scratchbox=\box105
\nofMPsegments=\count327
\nofMParguments=\count328
\everyMPshowfont=\toks29
\MPscratchCnt=\count329
\MPscratchDim=\dimen187
\MPnumerator=\count330
\makeMPintoPDFobject=\count331
\everyMPtoPDFconversion=\toks30
)
(/usr/local/texlive/2025basic/texmf-dist/tex/latex/epstopdf-pkg/epstopdf-base.s
ty
Package: epstopdf-base 2020-01-24 v2.11 Base part for package epstopdf
Package epstopdf-base Info: Redefining graphics rule for `.eps' on input line 4
85.

(/usr/local/texlive/2025basic/texmf-dist/tex/latex/latexconfig/epstopdf-sys.cfg
File: epstopdf-sys.cfg 2010/07/13 v1.3 Configuration of (r)epstopdf for TeX Liv
e
))
Package hyperref Info: Link coloring OFF on input line 28.
\@outlinefile=\write3
\openout3 = `author.out'.

LaTeX Font Info:    Trying to load font information for U+msa on input line 69.

 (/usr/local/texlive/2025basic/texmf-dist/tex/latex/amsfonts/umsa.fd
File: umsa.fd 2013/01/14 v3.01 AMS symbols A
)
LaTeX Font Info:    Trying to load font information for U+msb on input line 69.


(/usr/local/texlive/2025basic/texmf-dist/tex/latex/amsfonts/umsb.fd
File: umsb.fd 2013/01/14 v3.01 AMS symbols B
)
Overfull \hbox (2.70352pt too wide) in paragraph at lines 74--75
\OT1/cmr/m/n/9 tices in our field and con-ducted a com-pre-hen-sive SLR. Our se
arch method-
 []


LaTeX Warning: Citation `Artificial_intelligence_in_online_higher_education:_A_
systematic_review_of_empirical' on page 1 undefined on input line 90.


LaTeX Warning: Citation `Artificial_intelligence_in_online_higher_education:_A_
systematic_review_of_empirical' on page 1 undefined on input line 90.


LaTeX Warning: Citation `AI_IN_Education_SLR' on page 1 undefined on input line
 90.



[1


{/Users/mac/Library/texlive/2025basic/texmf-var/fonts/map/pdftex/updmap/pdftex.
map}]

LaTeX Warning: Citation `Systematic_literature_review_on_opportunities_challeng
es_and_future_research_recommendations_of_artificial_intelligence_in_education'
 on page 2 undefined on input line 92.


LaTeX Warning: Citation `AI_IN_Education_SLR' on page 2 undefined on input line
 98.


LaTeX Warning: Citation `Artificial_intelligence_in_online_higher_education:_A_
systematic_review_of_empirical' on page 2 undefined on input line 100.


LaTeX Warning: Reference `Review_PROTOCOL' on page 2 undefined on input line 10
8.


LaTeX Warning: Reference `Results_and_Discussion' on page 2 undefined on input 
line 108.


LaTeX Warning: Reference `SYNOPTIC_SUMMARY_AND_SIGNIFICANCE_OF_RESEARCH' on pag
e 2 undefined on input line 108.


LaTeX Warning: Reference `LIMITATIONS,_THREATS_TO_VALIDITY,_AND_REVIEW_ASSESSME
NT' on page 2 undefined on input line 108.



[2]

LaTeX Warning: Citation `Technologies_for_GQM_Based_Metrics_Recommender_Systems
_A_Systematic_Literature_Review' on page 3 undefined on input line 113.


LaTeX Warning: Reference `Appendix' on page 3 undefined on input line 122.



[3]

[4]

LaTeX Warning: Reference `SLR diagram' on page 5 undefined on input line 164.

<figs/SLR diagram.jpeg, id=35, 668.4975pt x 663.47874pt>
File: figs/SLR diagram.jpeg Graphic file (type jpg)
<use figs/SLR diagram.jpeg>
Package pdftex.def Info: figs/SLR diagram.jpeg  used on input line 172.
(pdftex.def)             Requested size: 467.94505pt x 464.43195pt.


[5]

[6 <./figs/SLR diagram.jpeg>]

LaTeX Warning: No positions in optional float specifier.
               Default added (so using `htbp') on input line 215.


LaTeX Warning: Reference `cluster_digitalLibraries' on page 7 undefined on inpu
t line 226.


LaTeX Warning: Reference `clusterPublishers' on page 7 undefined on input line 
226.


Overfull \hbox (6.46022pt too wide) in paragraph at lines 226--227
[]\OT1/cmr/m/n/10 Figure [] dis-plays how the pa-pers are dis-tributed across t
he se-lected databases,
 []


LaTeX Warning: Reference `clusterByYears' on page 7 undefined on input line 230
.

<figs/cluster_digitalLibraries.png, id=49, 426.393pt x 354.123pt>
File: figs/cluster_digitalLibraries.png Graphic file (type png)
<use figs/cluster_digitalLibraries.png>
Package pdftex.def Info: figs/cluster_digitalLibraries.png  used on input line 
235.
(pdftex.def)             Requested size: 213.19597pt x 177.06105pt.
<figs/clusterPublishers.png, id=51, 426.393pt x 354.123pt>
File: figs/clusterPublishers.png Graphic file (type png)
<use figs/clusterPublishers.png>
Package pdftex.def Info: figs/clusterPublishers.png  used on input line 241.
(pdftex.def)             Requested size: 213.19597pt x 177.06105pt.
<figs/clusterByYears.png, id=52, 426.393pt x 353.4003pt>
File: figs/clusterByYears.png Graphic file (type png)
<use figs/clusterByYears.png>
Package pdftex.def Info: figs/clusterByYears.png  used on input line 247.
(pdftex.def)             Requested size: 213.19597pt x 176.6997pt.

Underfull \vbox (badness 1895) has occurred while \output is active []



[7]

[8 <./figs/cluster_digitalLibraries.png> <./figs/clusterPublishers.png>]

LaTeX Warning: Citation `Palaute:_An_Online_Text_Mining_Tool_for_Analyzing_Writ
ten_Student_Course_Feedback' on page 9 undefined on input line 431.



[9 <./figs/clusterByYears.png>]

LaTeX Warning: Citation `Analyzing_educational_comments_for_topics_and_sentimen
ts:_A_text_analytics_approach' on page 10 undefined on input line 433.


LaTeX Warning: Citation `Visualizing_Student_Opinion_Through_Text_Analysis' on 
page 10 undefined on input line 433.


LaTeX Warning: Citation `A_Study_of_MOOC_Course_Review_Topics_Mining_Based_on_L
DA_Topic_Model' on page 10 undefined on input line 438.


LaTeX Warning: Citation `BP_Neural_Network-Based_Evaluation_on_University_Teach
ers'_Teaching_Quality' on page 10 undefined on input line 444.


Overfull \hbox (1.48807pt too wide) in paragraph at lines 446--447
[]\OT1/cmr/m/n/10 Each sec-ondary sys-tem em-ploys a three-layer neu-ral net-wo
rk, with the weights
 []


Underfull \vbox (badness 5726) has occurred while \output is active []



[10]

LaTeX Warning: Citation `Palaute:_An_Online_Text_Mining_Tool_for_Analyzing_Writ
ten_Student_Course_Feedback' on page 11 undefined on input line 456.


LaTeX Warning: Citation `SUFAT_An_Analytics_Tool_for_Gaining_Insights_from_Stud
ent_Feedback_Comments' on page 11 undefined on input line 456.


LaTeX Warning: Reference `Use Cases and Paper References' on page 11 undefined 
on input line 458.


LaTeX Warning: Citation `An_Efficient_Data_Mining_Technique_for_Assessing_Satis
faction_Level_With_Online_Learning_for_Higher_Education_Students_During_the_COV
ID-19' on page 11 undefined on input line 468.


LaTeX Warning: Citation `Palaute:_An_Online_Text_Mining_Tool_for_Analyzing_Writ
ten_Student_Course_Feedback' on page 11 undefined on input line 469.


LaTeX Warning: Citation `Visualizing_Student_Opinion_Through_Text_Analysis' on 
page 11 undefined on input line 469.


LaTeX Warning: Citation `Experience_in_learners_review_to_determine_attribute_r
elation_for_course_completion' on page 11 undefined on input line 469.


LaTeX Warning: Citation `SUFAT_An_Analytics_Tool_for_Gaining_Insights_from_Stud
ent_Feedback_Comments' on page 11 undefined on input line 470.


LaTeX Warning: Citation `Understanding_Students_Online_Reviews_to_Improve_Colle
ge_Experience_and_Graduation_Rates_of_STEM_Programs_at_the_Largest_Post-Seconda
ry_Institution_A_Learner-Centered_Study' on page 11 undefined on input line 470
.


LaTeX Warning: Citation `Assessing_learners_satisfaction_in_collaborative_onlin
e_courses_through_a_big_data_approach' on page 11 undefined on input line 470.


LaTeX Warning: Citation `Analyzing_educational_comments_for_topics_and_sentimen
ts:_A_text_analytics_approach' on page 11 undefined on input line 470.


LaTeX Warning: Citation `Sentiment_analysis_of_student_feedback_using_machine_l
earning_and_lexicon-based_approaches' on page 11 undefined on input line 471.


LaTeX Warning: Citation `A_Study_of_MOOC_Course_Review_Topics_Mining_Based_on_L
DA_Topic_Model' on page 11 undefined on input line 471.


LaTeX Warning: Citation `What_predicts_student_satisfaction_with_MOOCs:_A_gradi
ent_boosting_trees_supervised_machine_learning_and_sentiment_analysis_approach'
 on page 11 undefined on input line 471.


LaTeX Warning: Citation `Research_on_Project-Based_Teaching_Quality_Evaluation_
Based_on_Fuzzy_Cluster_Analysis' on page 11 undefined on input line 471.


LaTeX Warning: Citation `Improving_MOOC_quality_using_learning_analytics_and_to
ols' on page 11 undefined on input line 471.


LaTeX Warning: Citation `Course_Satisfaction_in_Engineering_Education_Through_t
he_Lens_of_Student_Agency_Analytics' on page 11 undefined on input line 471.


LaTeX Warning: Citation `Personalized_Learning_Model_based_on_Deep_Learning_Alg
orithm_for_Student_Behaviour_Analytic' on page 11 undefined on input line 471.


LaTeX Warning: Citation `Online_reviews_evaluation_system_for_higher_education_
institution:_An_aspect_based_sentiment_analysis_tool' on page 11 undefined on i
nput line 471.


LaTeX Warning: Citation `Competition_Neural_Network_Model_Application_in_the_Bi
lingual_Teaching_Quality_Evaluation_of_Universities' on page 11 undefined on in
put line 472.


LaTeX Warning: Citation `Romanov' on page 11 undefined on input line 473.


LaTeX Warning: Citation `Research_on_the_Application_of_BP_Neural_Network_in_Vo
cal_Music_Teaching_Quality_Evaluation' on page 11 undefined on input line 473.


LaTeX Warning: Citation `Design_of_online_teaching_quality_evaluation_system_fo
r_Private_University_Research_based_on_deep_learning_algorithm' on page 11 unde
fined on input line 473.


LaTeX Warning: Citation `BP_Neural_Network-Based_Evaluation_on_University_Teach
ers'_Teaching_Quality' on page 11 undefined on input line 473.


LaTeX Warning: Citation `An_Improved_BP_Neural_Network-Based_Quality_Evaluation
_Model_for_Chinese_International_Education_Teaching_Courses' on page 11 undefin
ed on input line 473.


LaTeX Warning: Citation `Evaluation_Model_of_PE_Teaching_Quality_Based_on_Activ
e_Learning_Support_Vector_Machine' on page 11 undefined on input line 473.


LaTeX Warning: Citation `Evaluation_System_of_Tourism_Psychology_Teaching_Quali
ty_Based_on_Convolutional_Neural_Network' on page 11 undefined on input line 47
3.


LaTeX Warning: Citation `An_Evaluation_Model_of_Moral_Education_Teaching_Qualit
y_in_Universities_Based_on_System_Control_Theory' on page 11 undefined on input
 line 473.


LaTeX Warning: Citation `Research_on_the_Application_of_BP_Neural_Network_in_th
e_Evaluation_of_College_Teaching_Quality' on page 11 undefined on input line 47
3.


LaTeX Warning: Citation `The_Evaluation_and_Application_of_BP_Neural_Network_in
_the_Multiple_Quality_Assurance_Paths_of_Higher_Education' on page 11 undefined
 on input line 473.


LaTeX Warning: Citation `Evaluating_the_quality_of_teaching_in_higher_education
_institutes_using_clustering_approach_and_set_pair_analysis' on page 11 undefin
ed on input line 473.


LaTeX Warning: Citation `Automatic_Rules_Generation_for_Teaching_Strategies_Imp
rovement' on page 11 undefined on input line 473.


LaTeX Warning: Citation `Exploring_Causes_for_the_Dropout_on_Massive_Open_Onlin
e_Courses' on page 11 undefined on input line 473.


LaTeX Warning: Citation `Research_on_Evaluation_of_Online_Teaching_Effect_based
_on_Deep_Learning_Technology' on page 11 undefined on input line 474.


LaTeX Warning: Reference `Ai_teqniuqes' on page 11 undefined on input line 479.




[11]
<figs/Ai_teqniuqes.png, id=90, 570.933pt x 426.393pt>
File: figs/Ai_teqniuqes.png Graphic file (type png)
<use figs/Ai_teqniuqes.png>
Package pdftex.def Info: figs/Ai_teqniuqes.png  used on input line 489.
(pdftex.def)             Requested size: 342.56244pt x 255.83777pt.


LaTeX Warning: Reference `Ai_algorthim' on page 12 undefined on input line 494.




[12 <./figs/Ai_teqniuqes.png>]

LaTeX Warning: Reference `clusterEducationType' on page 13 undefined on input l
ine 496.

<figs/clusterEducationType.png, id=97, 426.393pt x 354.123pt>
File: figs/clusterEducationType.png Graphic file (type png)
<use figs/clusterEducationType.png>
Package pdftex.def Info: figs/clusterEducationType.png  used on input line 499.

(pdftex.def)             Requested size: 213.19597pt x 177.06105pt.
<figs/Ai_algorthims.png, id=98, 570.933pt x 642.4803pt>
File: figs/Ai_algorthims.png Graphic file (type png)
<use figs/Ai_algorthims.png>
Package pdftex.def Info: figs/Ai_algorthims.png  used on input line 506.
(pdftex.def)             Requested size: 285.46579pt x 321.23936pt.

LaTeX Warning: Reference `Table metrics categories' on page 13 undefined on inp
ut line 516.



[13 <./figs/clusterEducationType.png>]

[14 <./figs/Ai_algorthims.png>]
Underfull \hbox (badness 10000) in paragraph at lines 527--527
[]|\OT1/cmr/m/n/9 Teaching
 []


Underfull \hbox (badness 1448) in paragraph at lines 527--527
\OT1/cmr/m/n/9 Qual-ity and
 []


Underfull \hbox (badness 5817) in paragraph at lines 527--527
[]|\OT1/cmr/m/n/9 Teaching qual-ity, Teacher's
 []


Underfull \hbox (badness 10000) in paragraph at lines 528--528
[]|\OT1/cmr/m/n/9 Teaching
 []


Underfull \hbox (badness 10000) in paragraph at lines 528--528
\OT1/cmr/m/n/9 Eval-u-a-tion
 []


Underfull \hbox (badness 10000) in paragraph at lines 528--528
\OT1/cmr/m/n/9 and Feed-
 []


Underfull \hbox (badness 3601) in paragraph at lines 529--529
\OT1/cmr/m/n/9 dents sat-is-fac-tion, Learn-ing
 []


Underfull \hbox (badness 7925) in paragraph at lines 529--529
\OT1/cmr/m/n/9 ex-pe-ri-ence, MOOC learner
 []


Underfull \hbox (badness 6893) in paragraph at lines 530--530
\OT1/cmr/m/n/9 ple-tion and
 []


Underfull \hbox (badness 10000) in paragraph at lines 541--541
[]|\OT1/cmr/bx/n/9 Paper Ref-er-
 []


Underfull \hbox (badness 10000) in paragraph at lines 542--542
[]|\OT1/cmr/m/n/9 Teaching Qual-ity
 []


Underfull \hbox (badness 10000) in paragraph at lines 542--542
[]|\OT1/cmr/m/n/9 Teaching qual-ity,
 []


Underfull \hbox (badness 10000) in paragraph at lines 542--542
\OT1/cmr/m/n/9 ity, Sat-is-fac-tion with
 []


Underfull \hbox (badness 1117) in paragraph at lines 542--542
\OT1/cmr/m/n/9 the qual-ity of teach-ing,
 []


Underfull \hbox (badness 1199) in paragraph at lines 542--542
\OT1/cmr/m/n/9 Teach-ing qual-ity of the
 []


LaTeX Warning: Citation `Competition_Neural_Network_Model_Application_in_the_Bi
lingual_Teaching_Quality_Evaluation_of_Universities' on page 15 undefined on in
put line 543.


LaTeX Warning: Citation `Visualizing_Student_Opinion_Through_Text_Analysis' on 
page 15 undefined on input line 544.


LaTeX Warning: Citation `Improving_MOOC_quality_using_learning_analytics_and_to
ols' on page 15 undefined on input line 544.


LaTeX Warning: Citation `Research_on_the_Application_of_BP_Neural_Network_in_Vo
cal_Music_Teaching_Quality_Evaluation' on page 15 undefined on input line 545.


LaTeX Warning: Citation `Evaluating_the_quality_of_teaching_in_higher_education
_institutes_using_clustering_approach_and_set_pair_analysis' on page 15 undefin
ed on input line 545.


LaTeX Warning: Citation `An_Improved_BP_Neural_Network-Based_Quality_Evaluation
_Model_for_Chinese_International_Education_Teaching_Courses' on page 15 undefin
ed on input line 545.


LaTeX Warning: Citation `Research_on_Project-Based_Teaching_Quality_Evaluation_
Based_on_Fuzzy_Cluster_Analysis' on page 15 undefined on input line 545.


LaTeX Warning: Citation `Improving_MOOC_quality_using_learning_analytics_and_to
ols' on page 15 undefined on input line 545.


LaTeX Warning: Citation `Online_reviews_evaluation_system_for_higher_education_
institution:_An_aspect_based_sentiment_analysis_tool' on page 15 undefined on i
nput line 545.


LaTeX Warning: Citation `Automatic_Rules_Generation_for_Teaching_Strategies_Imp
rovement' on page 15 undefined on input line 545.


LaTeX Warning: Citation `Analyzing_educational_comments_for_topics_and_sentimen
ts:_A_text_analytics_approach' on page 15 undefined on input line 545.


LaTeX Warning: Citation `An_Evaluation_Model_of_Moral_Education_Teaching_Qualit
y_in_Universities_Based_on_System_Control_Theory' on page 15 undefined on input
 line 545.


LaTeX Warning: Citation `Research_on_the_Application_of_BP_Neural_Network_in_th
e_Evaluation_of_College_Teaching_Quality' on page 15 undefined on input line 54
5.


LaTeX Warning: Citation `The_Evaluation_and_Application_of_BP_Neural_Network_in
_the_Multiple_Quality_Assurance_Paths_of_Higher_Education' on page 15 undefined
 on input line 546.


LaTeX Warning: Citation `Research_on_Evaluation_of_Online_Teaching_Effect_based
_on_Deep_Learning_Technology' on page 15 undefined on input line 547.


LaTeX Warning: Citation `The_Evaluation_and_Application_of_BP_Neural_Network_in
_the_Multiple_Quality_Assurance_Paths_of_Higher_Education' on page 15 undefined
 on input line 548.


Underfull \hbox (badness 7851) in paragraph at lines 549--549
[]|\OT1/cmr/m/n/9 Teaching Eval-u-a-
 []


Underfull \hbox (badness 10000) in paragraph at lines 549--549
[]|\OT1/cmr/m/n/9 Student eval-u-a-tions of
 []


Underfull \hbox (badness 10000) in paragraph at lines 549--549
\OT1/cmr/m/n/9 ing eval-u-a-tion sys-tem
 []


Underfull \hbox (badness 10000) in paragraph at lines 549--549
\OT1/cmr/m/n/9 TES, Stu-dent per-for-
 []


LaTeX Warning: Citation `Palaute:_An_Online_Text_Mining_Tool_for_Analyzing_Writ
ten_Student_Course_Feedback' on page 15 undefined on input line 550.


LaTeX Warning: Citation `Romanov' on page 15 undefined on input line 551.


LaTeX Warning: Citation `Evaluation_System_of_Tourism_Psychology_Teaching_Quali
ty_Based_on_Convolutional_Neural_Network' on page 15 undefined on input line 55
2.


LaTeX Warning: Citation `Personalized_Learning_Model_based_on_Deep_Learning_Alg
orithm_for_Student_Behaviour_Analytic' on page 15 undefined on input line 553.


Underfull \hbox (badness 10000) in paragraph at lines 554--554
[]|\OT1/cmr/m/n/9 Learner Sat-
 []


Underfull \hbox (badness 10000) in paragraph at lines 554--554
\OT1/cmr/m/n/9 is-fac-tion and
 []


Underfull \hbox (badness 10000) in paragraph at lines 554--554
\OT1/cmr/m/n/9 Stu-dents sat-is-fac-tion,
 []


Underfull \hbox (badness 10000) in paragraph at lines 554--554
\OT1/cmr/m/n/9 Learn-ing ex-pe-ri-ence,
 []


Underfull \hbox (badness 1675) in paragraph at lines 554--554
\OT1/cmr/m/n/9 MOOC learner sat-is-fac-
 []


Underfull \hbox (badness 10000) in paragraph at lines 554--554
\OT1/cmr/m/n/9 met-ric, Stu-dents sat-
 []


Underfull \hbox (badness 10000) in paragraph at lines 554--554
\OT1/cmr/m/n/9 is-fac-tion score, Course
 []


LaTeX Warning: Citation `Exploring_Causes_for_the_Dropout_on_Massive_Open_Onlin
e_Courses' on page 15 undefined on input line 555.


LaTeX Warning: Citation `An_Efficient_Data_Mining_Technique_for_Assessing_Satis
faction_Level_With_Online_Learning_for_Higher_Education_Students_During_the_COV
ID-19' on page 15 undefined on input line 556.


LaTeX Warning: Citation `Visualizing_Student_Opinion_Through_Text_Analysis' on 
page 15 undefined on input line 557.


LaTeX Warning: Citation `What_predicts_student_satisfaction_with_MOOCs:_A_gradi
ent_boosting_trees_supervised_machine_learning_and_sentiment_analysis_approach'
 on page 15 undefined on input line 558.


LaTeX Warning: Citation `Course_Satisfaction_in_Engineering_Education_Through_t
he_Lens_of_Student_Agency_Analytics' on page 15 undefined on input line 559.


LaTeX Warning: Citation `Assessing_learners_satisfaction_in_collaborative_onlin
e_courses_through_a_big_data_approach' on page 15 undefined on input line 560.


LaTeX Warning: Citation `Understanding_Students_Online_Reviews_to_Improve_Colle
ge_Experience_and_Graduation_Rates_of_STEM_Programs_at_the_Largest_Post-Seconda
ry_Institution_A_Learner-Centered_Study' on page 15 undefined on input line 561
.


Underfull \hbox (badness 10000) in paragraph at lines 562--562
[]|\OT1/cmr/m/n/9 Course Com-ple-
 []


LaTeX Warning: Citation `Exploring_Causes_for_the_Dropout_on_Massive_Open_Onlin
e_Courses' on page 15 undefined on input line 563.


LaTeX Warning: Citation `Experience_in_learners_review_to_determine_attribute_r
elation_for_course_completion' on page 15 undefined on input line 564.

<figs/metricsCategories.png, id=113, 609.2361pt x 395.3169pt>
File: figs/metricsCategories.png Graphic file (type png)
<use figs/metricsCategories.png>
Package pdftex.def Info: figs/metricsCategories.png  used on input line 573.
(pdftex.def)             Requested size: 304.61731pt x 197.65796pt.

LaTeX Warning: Reference `metricsCategories' on page 15 undefined on input line
 579.


LaTeX Warning: Reference `Categories metrics' on page 15 undefined on input lin
e 579.



[15]

[16 <./figs/metricsCategories.png>]

LaTeX Warning: Citation `Evaluation_Model_of_PE_Teaching_Quality_Based_on_Activ
e_Learning_Support_Vector_Machine' on page 17 undefined on input line 603.


LaTeX Warning: Citation `Sentiment_analysis_of_student_feedback_using_machine_l
earning_and_lexicon-based_approaches' on page 17 undefined on input line 603.


LaTeX Warning: Reference `Metrics factors' on page 17 undefined on input line 6
07.


LaTeX Warning: `h' float specifier changed to `ht'.



[17]

LaTeX Warning: Citation `Palaute:_An_Online_Text_Mining_Tool_for_Analyzing_Writ
ten_Student_Course_Feedback' on page 18 undefined on input line 660.


LaTeX Warning: Citation `SUFAT_An_Analytics_Tool_for_Gaining_Insights_from_Stud
ent_Feedback_Comments' on page 18 undefined on input line 660.


LaTeX Warning: Citation `Research_on_Project-Based_Teaching_Quality_Evaluation_
Based_on_Fuzzy_Cluster_Analysis' on page 18 undefined on input line 662.


LaTeX Warning: Citation `Evaluating_the_quality_of_teaching_in_higher_education
_institutes_using_clustering_approach_and_set_pair_analysis' on page 18 undefin
ed on input line 662.


LaTeX Warning: Citation `An_Efficient_Data_Mining_Technique_for_Assessing_Satis
faction_Level_With_Online_Learning_for_Higher_Education_Students_During_the_COV
ID-19' on page 18 undefined on input line 664.


LaTeX Warning: Citation `What_predicts_student_satisfaction_with_MOOCs:_A_gradi
ent_boosting_trees_supervised_machine_learning_and_sentiment_analysis_approach'
 on page 18 undefined on input line 664.



[18]

LaTeX Warning: Citation `Competition_Neural_Network_Model_Application_in_the_Bi
lingual_Teaching_Quality_Evaluation_of_Universities' on page 19 undefined on in
put line 666.


LaTeX Warning: Citation `Experience_in_learners_review_to_determine_attribute_r
elation_for_course_completion' on page 19 undefined on input line 666.


LaTeX Warning: Reference `tab:AI_education_evaluation' on page 19 undefined on 
input line 668.


Underfull \hbox (badness 10000) in paragraph at lines 688--688
[]|\OT1/cmr/bx/n/9 Improved Ed-u-ca-tional
 []


Underfull \hbox (badness 10000) in paragraph at lines 688--688
[]|\OT1/cmr/m/n/9 Feedback Anal-y-sis and
 []


Underfull \hbox (badness 10000) in paragraph at lines 688--688
[]|\OT1/cmr/m/n/9 Course De-sign & Fac-
 []


Underfull \hbox (badness 3396) in paragraph at lines 688--688
\OT1/cmr/m/n/9 teach-ing ef-fec-tive-ness, in-
 []


LaTeX Warning: Citation `Palaute:_An_Online_Text_Mining_Tool_for_Analyzing_Writ
ten_Student_Course_Feedback' on page 19 undefined on input line 688.


LaTeX Warning: Citation `SUFAT_An_Analytics_Tool_for_Gaining_Insights_from_Stud
ent_Feedback_Comments' on page 19 undefined on input line 688.


LaTeX Warning: Citation `Analyzing_educational_comments_for_topics_and_sentimen
ts:_A_text_analytics_approach' on page 19 undefined on input line 688.


LaTeX Warning: Citation `Improving_MOOC_quality_using_learning_analytics_and_to
ols' on page 19 undefined on input line 688.


LaTeX Warning: Citation `Visualizing_Student_Opinion_Through_Text_Analysis' on 
page 19 undefined on input line 688.


LaTeX Warning: Citation `Online_reviews_evaluation_system_for_higher_education_
institution:_An_aspect_based_sentiment_analysis_tool' on page 19 undefined on i
nput line 688.


Underfull \hbox (badness 10000) in paragraph at lines 688--688
\OT1/cmr/m/n/9 du-ra-tion and dif-fi-culty,
 []


Underfull \hbox (badness 10000) in paragraph at lines 688--688
\OT1/cmr/m/n/9 Teach-ing ef-fec-tive-ness,
 []


Underfull \hbox (badness 10000) in paragraph at lines 688--688
\OT1/cmr/m/n/9 course con-tent, Col-lege
 []


Underfull \hbox (badness 4954) in paragraph at lines 688--688
\OT1/cmr/m/n/9 teach-ing qual-ity, Chi-nese
 []


Underfull \hbox (badness 10000) in paragraph at lines 688--688
\OT1/cmr/m/n/9 In-ter-na-tional Ed-u-ca-tion
 []


LaTeX Warning: Citation `Competition_Neural_Network_Model_Application_in_the_Bi
lingual_Teaching_Quality_Evaluation_of_Universities' on page 19 undefined on in
put line 688.


LaTeX Warning: Citation `Evaluating_the_quality_of_teaching_in_higher_education
_institutes_using_clustering_approach_and_set_pair_analysis' on page 19 undefin
ed on input line 688.


LaTeX Warning: Citation `Research_on_Project-Based_Teaching_Quality_Evaluation_
Based_on_Fuzzy_Cluster_Analysis' on page 19 undefined on input line 688.


LaTeX Warning: Citation `Research_on_the_Application_of_BP_Neural_Network_in_th
e_Evaluation_of_College_Teaching_Quality' on page 19 undefined on input line 68
8.


LaTeX Warning: Citation `An_Improved_BP_Neural_Network-Based_Quality_Evaluation
_Model_for_Chinese_International_Education_Teaching_Courses' on page 19 undefin
ed on input line 688.


Underfull \hbox (badness 1454) in paragraph at lines 688--688
[]|\OT1/cmr/m/n/9 Course Du-ra-tion & Dif-fi-
 []


Underfull \hbox (badness 10000) in paragraph at lines 688--688
\OT1/cmr/m/n/9 on-line learn-ing ef-fi-cacy
 []


Underfull \hbox (badness 10000) in paragraph at lines 688--688
\OT1/cmr/m/n/9 dur-ing crises, Stu-dent's
 []


Underfull \hbox (badness 10000) in paragraph at lines 688--688
\OT1/cmr/m/n/9 ment rep-u-ta-tion, course
 []


Underfull \hbox (badness 8056) in paragraph at lines 688--688
\OT1/cmr/m/n/9 learner feed-back, Course
 []


Underfull \hbox (badness 3907) in paragraph at lines 688--688
\OT1/cmr/m/n/9 sat-is-fac-tion, stu-dent will-
 []


LaTeX Warning: Citation `Experience_in_learners_review_to_determine_attribute_r
elation_for_course_completion' on page 19 undefined on input line 688.


LaTeX Warning: Citation `An_Efficient_Data_Mining_Technique_for_Assessing_Satis
faction_Level_With_Online_Learning_for_Higher_Education_Students_During_the_COV
ID-19' on page 19 undefined on input line 688.


LaTeX Warning: Citation `Romanov' on page 19 undefined on input line 688.


LaTeX Warning: Citation `Understanding_Students_Online_Reviews_to_Improve_Colle
ge_Experience_and_Graduation_Rates_of_STEM_Programs_at_the_Largest_Post-Seconda
ry_Institution_A_Learner-Centered_Study' on page 19 undefined on input line 688
.


LaTeX Warning: Citation `What_predicts_student_satisfaction_with_MOOCs:_A_gradi
ent_boosting_trees_supervised_machine_learning_and_sentiment_analysis_approach'
 on page 19 undefined on input line 688.


LaTeX Warning: Citation `Assessing_learners_satisfaction_in_collaborative_onlin
e_courses_through_a_big_data_approach' on page 19 undefined on input line 688.


LaTeX Warning: Citation `Course_Satisfaction_in_Engineering_Education_Through_t
he_Lens_of_Student_Agency_Analytics' on page 19 undefined on input line 688.


Underfull \hbox (badness 10000) in paragraph at lines 688--688
\OT1/cmr/m/n/9 du-ra-tion and dif-fi-culty,
 []


Underfull \hbox (badness 5908) in paragraph at lines 688--688
\OT1/cmr/m/n/9 com-ple-tion rates, Course
 []


Underfull \hbox (badness 10000) in paragraph at lines 688--688
\OT1/cmr/m/n/9 Du-ra-tion & Dif-fi-culty,
 []


LaTeX Warning: Citation `Competition_Neural_Network_Model_Application_in_the_Bi
lingual_Teaching_Quality_Evaluation_of_Universities' on page 19 undefined on in
put line 688.


LaTeX Warning: Citation `Experience_in_learners_review_to_determine_attribute_r
elation_for_course_completion' on page 19 undefined on input line 688.


LaTeX Warning: Citation `Exploring_Causes_for_the_Dropout_on_Massive_Open_Onlin
e_Courses' on page 19 undefined on input line 688.


LaTeX Warning: Citation `Research_on_the_Application_of_BP_Neural_Network_in_Vo
cal_Music_Teaching_Quality_Evaluation' on page 19 undefined on input line 688.


LaTeX Warning: Citation `Design_of_online_teaching_quality_evaluation_system_fo
r_Private_University_Research_based_on_deep_learning_algorithm' on page 19 unde
fined on input line 688.


LaTeX Warning: Citation `Sentiment_analysis_of_student_feedback_using_machine_l
earning_and_lexicon-based_approaches' on page 19 undefined on input line 688.


LaTeX Warning: Citation `BP_Neural_Network-Based_Evaluation_on_University_Teach
ers'_Teaching_Quality' on page 19 undefined on input line 688.


LaTeX Warning: Citation `Automatic_Rules_Generation_for_Teaching_Strategies_Imp
rovement' on page 19 undefined on input line 688.


LaTeX Warning: Citation `Evaluation_Model_of_PE_Teaching_Quality_Based_on_Activ
e_Learning_Support_Vector_Machine' on page 19 undefined on input line 688.


LaTeX Warning: Citation `Evaluation_System_of_Tourism_Psychology_Teaching_Quali
ty_Based_on_Convolutional_Neural_Network' on page 19 undefined on input line 68
8.


LaTeX Warning: Citation `An_Evaluation_Model_of_Moral_Education_Teaching_Qualit
y_in_Universities_Based_on_System_Control_Theory' on page 19 undefined on input
 line 688.


LaTeX Warning: Citation `Personalized_Learning_Model_based_on_Deep_Learning_Alg
orithm_for_Student_Behaviour_Analytic' on page 19 undefined on input line 688.


LaTeX Warning: Citation `The_Evaluation_and_Application_of_BP_Neural_Network_in
_the_Multiple_Quality_Assurance_Paths_of_Higher_Education' on page 19 undefined
 on input line 688.


LaTeX Warning: Reference `RQ1_analysis' on page 19 undefined on input line 702.



LaTeX Warning: Reference `RQ2_analysis' on page 19 undefined on input line 713.



LaTeX Warning: Reference `RQ3_analysis' on page 19 undefined on input line 715.




[19]

[20]

LaTeX Warning: Citation `Palaute:_An_Online_Text_Mining_Tool_for_Analyzing_Writ
ten_Student_Course_Feedback' on page 21 undefined on input line 724.


LaTeX Warning: Citation `SUFAT_An_Analytics_Tool_for_Gaining_Insights_from_Stud
ent_Feedback_Comments' on page 21 undefined on input line 725.


LaTeX Warning: Citation `Online_reviews_evaluation_system_for_higher_education_
institution:_An_aspect_based_sentiment_analysis_tool' on page 21 undefined on i
nput line 726.


LaTeX Warning: Citation `Assessing_learners_satisfaction_in_collaborative_onlin
e_courses_through_a_big_data_approach' on page 21 undefined on input line 727.


LaTeX Warning: Citation `Analyzing_educational_comments_for_topics_and_sentimen
ts:_A_text_analytics_approach' on page 21 undefined on input line 728.


LaTeX Warning: Citation `AI_IN_Education_SLR' on page 21 undefined on input lin
e 737.


LaTeX Warning: Reference `clusterByYears' on page 21 undefined on input line 73
7.



[21]

LaTeX Warning: Citation `A_NewParadigm_for_SystematicLiteratureReviews' on page
 22 undefined on input line 750.


LaTeX Warning: Citation `Procedures_for_PerformingSystematicReviews' on page 22
 undefined on input line 761.



[22]

[23]

LaTeX Warning: Reference `Prisma checklist' on page 24 undefined on input line 
795.


LaTeX Warning: No positions in optional float specifier.
               Default added (so using `htbp') on input line 799.


LaTeX Warning: Reference `Abstract' on page 24 undefined on input line 804.


LaTeX Warning: Reference `Abstract' on page 24 undefined on input line 806.


LaTeX Warning: Reference `introduction' on page 24 undefined on input line 808.



LaTeX Warning: Reference `introduction' on page 24 undefined on input line 809.



LaTeX Warning: Reference `Review PROTOCOL' on page 24 undefined on input line 8
11.


LaTeX Warning: Reference `searchStrategy' on page 24 undefined on input line 81
2.


LaTeX Warning: Reference `searchStrategy' on page 24 undefined on input line 81
3.


LaTeX Warning: Reference `Review PROTOCOL' on page 24 undefined on input line 8
15.


LaTeX Warning: Reference `Results and Discussion' on page 24 undefined on input
 line 818.


LaTeX Warning: Reference `RQ1_analysis' on page 24 undefined on input line 821.



LaTeX Warning: Reference `RQ2_analysis' on page 24 undefined on input line 821.



LaTeX Warning: Reference `RQ3_analysis' on page 24 undefined on input line 821.



LaTeX Warning: Reference `Results and Discussion' on page 24 undefined on input
 line 822.


LaTeX Warning: Reference `LIMITATIONS, THREATS TO VALIDITY, AND REVIEW ASSESSME
NT' on page 24 undefined on input line 824.


LaTeX Warning: Reference `conclusion' on page 24 undefined on input line 826.


LaTeX Warning: Reference `tab:Quality assessment' on page 24 undefined on input
 line 837.



[24]
Overfull \hbox (4.51915pt too wide) in paragraph at lines 850--850
[]\OT1/cmr/bx/n/10 Q2- Does the re-search pro-vide de-tail on the re-search de-
sign method-
 []


LaTeX Warning: No positions in optional float specifier.
               Default added (so using `htbp') on input line 862.


LaTeX Warning: Citation `Palaute:_An_Online_Text_Mining_Tool_for_Analyzing_Writ
ten_Student_Course_Feedback' on page 25 undefined on input line 866.


LaTeX Warning: Citation `Experience_in_learners_review_to_determine_attribute_r
elation_for_course_completion' on page 25 undefined on input line 867.


LaTeX Warning: Citation `Competition_Neural_Network_Model_Application_in_the_Bi
lingual_Teaching_Quality_Evaluation_of_Universities' on page 25 undefined on in
put line 868.


LaTeX Warning: Citation `SUFAT_An_Analytics_Tool_for_Gaining_Insights_from_Stud
ent_Feedback_Comments' on page 25 undefined on input line 869.


LaTeX Warning: Citation `Research_on_the_Application_of_BP_Neural_Network_in_Vo
cal_Music_Teaching_Quality_Evaluation' on page 25 undefined on input line 870.


LaTeX Warning: Citation `An_Efficient_Data_Mining_Technique_for_Assessing_Satis
faction_Level_With_Online_Learning_for_Higher_Education_Students_During_the_COV
ID-19' on page 25 undefined on input line 871.


LaTeX Warning: Citation `Design_of_online_teaching_quality_evaluation_system_fo
r_Private_University_Research_based_on_deep_learning_algorithm' on page 25 unde
fined on input line 872.


LaTeX Warning: Citation `Sentiment_analysis_of_student_feedback_using_machine_l
earning_and_lexicon-based_approaches' on page 25 undefined on input line 873.


LaTeX Warning: Citation `Understanding_Students_Online_Reviews_to_Improve_Colle
ge_Experience_and_Graduation_Rates_of_STEM_Programs_at_the_Largest_Post-Seconda
ry_Institution_A_Learner-Centered_Study' on page 25 undefined on input line 874
.


LaTeX Warning: Citation `Evaluating_the_quality_of_teaching_in_higher_education
_institutes_using_clustering_approach_and_set_pair_analysis' on page 25 undefin
ed on input line 875.


LaTeX Warning: Citation `A_Study_of_MOOC_Course_Review_Topics_Mining_Based_on_L
DA_Topic_Model' on page 25 undefined on input line 876.


LaTeX Warning: Citation `BP_Neural_Network-Based_Evaluation_on_University_Teach
ers'_Teaching_Quality' on page 25 undefined on input line 877.


LaTeX Warning: Citation `An_Improved_BP_Neural_Network-Based_Quality_Evaluation
_Model_for_Chinese_International_Education_Teaching_Courses' on page 25 undefin
ed on input line 878.


LaTeX Warning: Citation `Automatic_Rules_Generation_for_Teaching_Strategies_Imp
rovement' on page 25 undefined on input line 879.


LaTeX Warning: Citation `Evaluation_Model_of_PE_Teaching_Quality_Based_on_Activ
e_Learning_Support_Vector_Machine' on page 25 undefined on input line 880.


LaTeX Warning: Citation `Evaluation_System_of_Tourism_Psychology_Teaching_Quali
ty_Based_on_Convolutional_Neural_Network' on page 25 undefined on input line 88
1.


LaTeX Warning: Citation `What_predicts_student_satisfaction_with_MOOCs:_A_gradi
ent_boosting_trees_supervised_machine_learning_and_sentiment_analysis_approach'
 on page 25 undefined on input line 882.


LaTeX Warning: Citation `Assessing_learners_satisfaction_in_collaborative_onlin
e_courses_through_a_big_data_approach' on page 25 undefined on input line 883.


LaTeX Warning: Citation `Analyzing_educational_comments_for_topics_and_sentimen
ts:_A_text_analytics_approach' on page 25 undefined on input line 884.


LaTeX Warning: Citation `Research_on_Project-Based_Teaching_Quality_Evaluation_
Based_on_Fuzzy_Cluster_Analysis' on page 25 undefined on input line 885.


LaTeX Warning: Citation `Improving_MOOC_quality_using_learning_analytics_and_to
ols' on page 25 undefined on input line 886.


LaTeX Warning: Citation `Visualizing_Student_Opinion_Through_Text_Analysis' on 
page 25 undefined on input line 887.


LaTeX Warning: Citation `Course_Satisfaction_in_Engineering_Education_Through_t
he_Lens_of_Student_Agency_Analytics' on page 25 undefined on input line 888.


LaTeX Warning: Citation `An_Evaluation_Model_of_Moral_Education_Teaching_Qualit
y_in_Universities_Based_on_System_Control_Theory' on page 25 undefined on input
 line 889.


LaTeX Warning: Citation `Research_on_Evaluation_of_Online_Teaching_Effect_based
_on_Deep_Learning_Technology' on page 25 undefined on input line 890.


LaTeX Warning: Citation `Exploring_Causes_for_the_Dropout_on_Massive_Open_Onlin
e_Courses' on page 25 undefined on input line 891.


LaTeX Warning: Citation `Personalized_Learning_Model_based_on_Deep_Learning_Alg
orithm_for_Student_Behaviour_Analytic' on page 25 undefined on input line 892.


LaTeX Warning: Citation `Research_on_the_Application_of_BP_Neural_Network_in_th
e_Evaluation_of_College_Teaching_Quality' on page 25 undefined on input line 89
3.


LaTeX Warning: Citation `The_Evaluation_and_Application_of_BP_Neural_Network_in
_the_Multiple_Quality_Assurance_Paths_of_Higher_Education' on page 25 undefined
 on input line 894.


LaTeX Warning: Citation `Online_reviews_evaluation_system_for_higher_education_
institution:_An_aspect_based_sentiment_analysis_tool' on page 25 undefined on i
nput line 895.

No file author.bbl.


[25]

[26] (templates/author.aux)
 ***********
LaTeX2e <2024-11-01> patch level 2
L3 programming layer <2025-01-18>
 ***********


LaTeX Warning: There were undefined references.


LaTeX Warning: Label(s) may have changed. Rerun to get cross-references right.


Package rerunfilecheck Warning: File `author.out' has changed.
(rerunfilecheck)                Rerun to get outlines right
(rerunfilecheck)                or use package `bookmark'.

Package rerunfilecheck Info: Checksums for `author.out':
(rerunfilecheck)             Before: <no file>
(rerunfilecheck)             After:  B9A02900F4CF1C63117F0FF3BFE41B1B;734.
 ) 
Here is how much of TeX's memory you used:
 11097 strings out of 474662
 171059 string characters out of 5751109
 578715 words of memory out of 5000000
 33900 multiletter control sequences out of 15000+600000
 565631 words of font info for 63 fonts, out of 8000000 for 9000
 319 hyphenation exceptions out of 8191
 75i,14n,79p,1393b,553s stack positions out of 10000i,1000n,20000p,200000b,200000s
</usr/local/texlive/2025basic/texmf-dist/fonts/type1/public/amsfonts/cm/cmbx1
0.pfb></usr/local/texlive/2025basic/texmf-dist/fonts/type1/public/amsfonts/cm/c
mbx12.pfb></usr/local/texlive/2025basic/texmf-dist/fonts/type1/public/amsfonts/
cm/cmbx9.pfb></usr/local/texlive/2025basic/texmf-dist/fonts/type1/public/amsfon
ts/cm/cmr10.pfb></usr/local/texlive/2025basic/texmf-dist/fonts/type1/public/ams
fonts/cm/cmr7.pfb></usr/local/texlive/2025basic/texmf-dist/fonts/type1/public/a
msfonts/cm/cmr9.pfb></usr/local/texlive/2025basic/texmf-dist/fonts/type1/public
/amsfonts/cm/cmtt9.pfb>
Output written on templates/author.pdf (26 pages, 369453 bytes).
PDF statistics:
 276 PDF objects out of 1000 (max. 8388607)
 216 compressed objects within 3 object streams
 109 named destinations out of 1000 (max. 500000)
 41 words of extra memory for PDF output out of 10000 (max. 10000000)

